==========================================================
Starting Mini-Project 1 Pipeline
==========================================================
\n--- 1. U-Net DDPM ---
Training U-Net DDPM...
Sampling U-Net DDPM (Computes Wall-clock time & FID)...
\n--- 2. Latent DDPM (Beta = 0.5) ---
Training Beta-VAE (Beta=0.5)...
# Options
batch_size = 128
beta = 0.5
data = mnist
device = cuda
epochs = 50
latent_dim = 32
lr = 0.001
mode = train_vae
model = checkpoints/latent_ddpm.pt
samples = samples/latent_samples.png
vae_model = checkpoints/beta_vae_05.pt
Loading MNIST (Continuous, Flatten=True)...

Training Beta-VAE (saving to checkpoints/beta_vae_05.pt)...
Training Latent DDPM (Beta=0.5)...

------------------------------------------------------------
Sender: LSF System <lsfadmin@hpc.dtu.dk>
Subject: Job 27946668: <02460_mini_project_1> in cluster <dcc> Exited

Job <02460_mini_project_1> was submitted from host <n-62-20-1> by user <s215141> in cluster <dcc> at Wed Mar  4 10:40:16 2026
Job was executed on host(s) <n-62-20-6>, in queue <gpuv100>, as user <s215141> in cluster <dcc> at Wed Mar  4 10:40:18 2026
</zhome/45/a/168203> was used as the home directory.
</work3/s215141/02460-Mini-projects/Mini-Project-1> was used as the working directory.
Started at Wed Mar  4 10:40:18 2026
Terminated at Wed Mar  4 10:47:56 2026
Results reported at Wed Mar  4 10:47:56 2026

Your job looked like:

------------------------------------------------------------
# LSBATCH: User input
#!/bin/sh
#BSUB -J 02460_mini_project_1
#BSUB -q gpuv100
#BSUB -gpu "num=1:mode=exclusive_process"
#BSUB -n 1
#BSUB -R "rusage[mem=16G]"
#BSUB -W 08:00
#BSUB -o output_%J.out
#BSUB -e error_%J.err

echo "=========================================================="
echo "Starting Mini-Project 1 Pipeline"
echo "=========================================================="

# 1. U-Net DDPM
echo "\n--- 1. U-Net DDPM ---"
echo "Training U-Net DDPM..."
uv run ddpm.py --mode train --network unet --model checkpoints/unet_ddpm.pt --device cuda --epochs 50 --batch-size 128

echo "Sampling U-Net DDPM (Computes Wall-clock time & FID)..."
uv run ddpm.py --mode sample --network unet --model checkpoints/unet_ddpm.pt --samples samples/unet_samples.png --device cuda


# 2. Latent DDPM (Beta = 0.5)
echo "\n--- 2. Latent DDPM (Beta = 0.5) ---"
echo "Training Beta-VAE (Beta=0.5)..."
uv run latent_ddpm.py --mode train_vae --data mnist --vae-model checkpoints/beta_vae_05.pt --device cuda --epochs 50 --batch-size 128 --latent-dim 32 --beta 0.5

echo "Training Latent DDPM (Beta=0.5)..."
uv run latent_ddpm.py --mode train_ddpm --data mnist --vae-model checkpoints/beta_vae_05.pt --model checkpoints/latent_ddpm_05.pt --device cuda --epochs 50 --batch-size 128 --latent-dim 32

echo "Sampling Latent DDPM (Beta=0.5) (Computes Wall-clock time & FID)..."
uv run latent_ddpm.py --mode sample --data mnist --vae-model checkpoints/beta_vae_05.pt --model checkpoints/latent_ddpm_05.pt --samples samples/latent_samples_05.png --device cuda --latent-dim 32


# 3. Latent DDPM (Beta = 10^-6)
echo "\n--- 3. Latent DDPM (Beta = 1e-6) ---"
echo "Training Beta-VAE (Beta=1e-6)..."
uv run latent_ddpm.py --mode train_vae --data mnist --vae-model checkpoints/beta_vae_1e6.pt --device cuda --epochs 50 --batch-size 128 --latent-dim 32 --beta 1e-6

echo "Training Latent DDPM (Beta=1e-6)..."
uv run latent_ddpm.py --mode train_ddpm --data mnist --vae-model checkpoints/beta_vae_1e6.pt --model checkpoints/latent_ddpm_1e6.pt --device cuda --epochs 50 --batch-size 128 --latent-dim 32

echo "Sampling Latent DDPM (Beta=1e-6) (Computes Wall-clock time & FID)..."
uv run latent_ddpm.py --mode sample --data mnist --vae-model checkpoints/beta_vae_1e6.pt --model checkpoints/latent_ddpm_1e6.pt --samples samples/latent_samples_1e6.png --device cuda --latent-dim 32


# 4. Bernoulli VAE with Flow Prior
echo "\n--- 4. Bernoulli VAE with Flow Prior ---"
echo "Training Bernoulli Flow VAE..."

(... more ...)
------------------------------------------------------------

TERM_OWNER: job killed by owner.
Exited with exit code 143.

Resource usage summary:

    CPU time :                                   411.00 sec.
    Max Memory :                                 883 MB
    Average Memory :                             584.33 MB
    Total Requested Memory :                     16384.00 MB
    Delta Memory :                               15501.00 MB
    Max Swap :                                   -
    Max Processes :                              5
    Max Threads :                                16
    Run time :                                   546 sec.
    Turnaround time :                            460 sec.

The output (if any) is above this job summary.



PS:

Read file <error_27946668.err> for stderr output of this job.

